16:21:32:652  INFO 2660 --- [main] com.hmall.cart.CartApplication           : Starting CartApplication using Java 11.0.21 on LAPTOP-SIENI42M with PID 2660 (F:\Code\hmall\cart-service\target\classes started by daihongli in F:\Code\hmall)
16:21:32:657 DEBUG 2660 --- [main] com.hmall.cart.CartApplication           : Running with Spring Boot v2.7.12, Spring v5.3.27
16:21:32:658  INFO 2660 --- [main] com.hmall.cart.CartApplication           : The following 1 profile is active: "local"
16:21:33:735  INFO 2660 --- [main] o.s.cloud.context.scope.GenericScope     : BeanFactory id=cda845ce-2a52-37dc-8aba-e40391e8e55a
16:21:34:107  INFO 2660 --- [main] o.s.b.w.embedded.tomcat.TomcatWebServer  : Tomcat initialized with port(s): 8082 (http)
16:21:34:118  INFO 2660 --- [main] o.apache.catalina.core.StandardService   : Starting service [Tomcat]
16:21:34:118  INFO 2660 --- [main] org.apache.catalina.core.StandardEngine  : Starting Servlet engine: [Apache Tomcat/9.0.75]
16:21:34:287  INFO 2660 --- [main] o.a.c.c.C.[Tomcat].[localhost].[/]       : Initializing Spring embedded WebApplicationContext
16:21:34:288  INFO 2660 --- [main] w.s.c.ServletWebServerApplicationContext : Root WebApplicationContext: initialization completed in 1591 ms
16:21:34:516  INFO 2660 --- [main] o.s.c.openfeign.FeignClientFactoryBean   : For 'item-service' URL not provided. Will try picking an instance via load-balancing.
16:21:39:139  INFO 2660 --- [main] o.s.cloud.commons.util.InetUtils         : Cannot determine local hostname
16:21:39:164  INFO 2660 --- [main] pertySourcedRequestMappingHandlerMapping : Mapped URL path [/v2/api-docs] onto method [springfox.documentation.swagger2.web.Swagger2ControllerWebMvc#getDocumentation(String, HttpServletRequest)]
16:21:40:966  INFO 2660 --- [main] o.s.cloud.commons.util.InetUtils         : Cannot determine local hostname
16:21:41:095  INFO 2660 --- [main] com.alibaba.nacos.common.remote.client   : [RpcClientFactory] create a new rpc client of 79bf3be4-7483-4a4d-8951-cc98ecb8cac1
16:21:41:129  INFO 2660 --- [main] org.reflections.Reflections              : Reflections took 19 ms to scan 1 urls, producing 3 keys and 6 values 
16:21:41:147  INFO 2660 --- [main] org.reflections.Reflections              : Reflections took 8 ms to scan 1 urls, producing 4 keys and 9 values 
16:21:41:155  INFO 2660 --- [main] org.reflections.Reflections              : Reflections took 6 ms to scan 1 urls, producing 3 keys and 10 values 
16:21:41:157  WARN 2660 --- [main] org.reflections.Reflections              : given scan urls are empty. set urls in the configuration
16:21:41:163  INFO 2660 --- [main] org.reflections.Reflections              : Reflections took 6 ms to scan 1 urls, producing 1 keys and 5 values 
16:21:41:170  INFO 2660 --- [main] org.reflections.Reflections              : Reflections took 6 ms to scan 1 urls, producing 1 keys and 7 values 
16:21:41:178  INFO 2660 --- [main] org.reflections.Reflections              : Reflections took 6 ms to scan 1 urls, producing 2 keys and 8 values 
16:21:41:180  WARN 2660 --- [main] org.reflections.Reflections              : given scan urls are empty. set urls in the configuration
16:21:41:180  INFO 2660 --- [main] com.alibaba.nacos.common.remote.client   : [79bf3be4-7483-4a4d-8951-cc98ecb8cac1] RpcClient init label, labels = {module=naming, source=sdk}
16:21:41:181  INFO 2660 --- [main] com.alibaba.nacos.common.remote.client   : [79bf3be4-7483-4a4d-8951-cc98ecb8cac1] RpcClient init, ServerListFactory = com.alibaba.nacos.client.naming.core.ServerListManager
16:21:41:182  INFO 2660 --- [main] com.alibaba.nacos.common.remote.client   : [79bf3be4-7483-4a4d-8951-cc98ecb8cac1] Registry connection listener to current client:com.alibaba.nacos.client.naming.remote.gprc.redo.NamingGrpcRedoService
16:21:41:182  INFO 2660 --- [main] com.alibaba.nacos.common.remote.client   : [79bf3be4-7483-4a4d-8951-cc98ecb8cac1] Register server push request handler:com.alibaba.nacos.client.naming.remote.gprc.NamingPushRequestHandler
16:21:41:183  INFO 2660 --- [main] com.alibaba.nacos.common.remote.client   : [79bf3be4-7483-4a4d-8951-cc98ecb8cac1] Try to connect to server on start up, server: {serverIp = 'localhost', server main port = 8848}
16:21:43:608  INFO 2660 --- [main] com.alibaba.nacos.common.remote.client   : [79bf3be4-7483-4a4d-8951-cc98ecb8cac1] Success to connect to server [localhost:8848] on start up, connectionId = 1723537303425_172.18.0.1_45028
16:21:43:609  INFO 2660 --- [main] com.alibaba.nacos.common.remote.client   : [79bf3be4-7483-4a4d-8951-cc98ecb8cac1] Register server push request handler:com.alibaba.nacos.common.remote.client.RpcClient$ConnectResetRequestHandler
16:21:43:609  INFO 2660 --- [com.alibaba.nacos.client.remote.worker] com.alibaba.nacos.common.remote.client   : [79bf3be4-7483-4a4d-8951-cc98ecb8cac1] Notify connected event to listeners.
16:21:43:611  INFO 2660 --- [main] com.alibaba.nacos.common.remote.client   : [79bf3be4-7483-4a4d-8951-cc98ecb8cac1] Register server push request handler:com.alibaba.nacos.common.remote.client.RpcClient$$Lambda$993/0x000000080077e840
16:21:43:663  INFO 2660 --- [main] o.s.b.w.embedded.tomcat.TomcatWebServer  : Tomcat started on port(s): 8082 (http) with context path ''
16:21:43:676  INFO 2660 --- [main] c.a.c.n.registry.NacosServiceRegistry    : nacos registry, DEFAULT_GROUP cart-service 192.168.0.10:8082 register finished
16:21:44:237  INFO 2660 --- [nacos-grpc-client-executor-8] com.alibaba.nacos.common.remote.client   : [79bf3be4-7483-4a4d-8951-cc98ecb8cac1] Receive server push request, request = NotifySubscriberRequest, requestId = 7
16:21:44:242  INFO 2660 --- [nacos-grpc-client-executor-8] com.alibaba.nacos.common.remote.client   : [79bf3be4-7483-4a4d-8951-cc98ecb8cac1] Ack server push request, request = NotifySubscriberRequest, requestId = 7
16:21:45:453  INFO 2660 --- [main] o.s.cloud.commons.util.InetUtils         : Cannot determine local hostname
16:21:45:453  INFO 2660 --- [main] d.s.w.p.DocumentationPluginsBootstrapper : Documentation plugins bootstrapped
16:21:45:456  INFO 2660 --- [main] d.s.w.p.DocumentationPluginsBootstrapper : Found 1 custom documentation plugin(s)
16:21:45:481  INFO 2660 --- [main] s.d.s.w.s.ApiListingReferenceScanner     : Scanning for api listing references
16:21:45:570  INFO 2660 --- [main] com.hmall.cart.CartApplication           : Started CartApplication in 15.507 seconds (JVM running for 16.953)
16:22:10:411  WARN 2660 --- [Thread-4] c.a.nacos.common.notify.NotifyCenter     : [NotifyCenter] Start destroying Publisher
16:22:10:411  WARN 2660 --- [Thread-7] c.a.n.common.http.HttpClientBeanHolder   : [HttpClientBeanHolder] Start destroying common HttpClient
16:22:10:411  WARN 2660 --- [Thread-4] c.a.nacos.common.notify.NotifyCenter     : [NotifyCenter] Destruction of the end
16:22:10:411  WARN 2660 --- [Thread-7] c.a.n.common.http.HttpClientBeanHolder   : [HttpClientBeanHolder] Destruction of the end
16:22:11:695  INFO 2660 --- [SpringApplicationShutdownHook] c.a.c.n.registry.NacosServiceRegistry    : De-registering from Nacos Server now...
16:22:11:704  INFO 2660 --- [SpringApplicationShutdownHook] c.a.c.n.registry.NacosServiceRegistry    : De-registration finished.
16:22:12:032  INFO 2660 --- [SpringApplicationShutdownHook] com.alibaba.nacos.common.remote.client   : Shutdown rpc client, set status to shutdown
16:22:12:032  INFO 2660 --- [SpringApplicationShutdownHook] com.alibaba.nacos.common.remote.client   : Shutdown client event executor java.util.concurrent.ScheduledThreadPoolExecutor@1525265[Running, pool size = 2, active threads = 2, queued tasks = 0, completed tasks = 0]
16:22:12:032  INFO 2660 --- [SpringApplicationShutdownHook] com.alibaba.nacos.common.remote.client   : Close current connection 1723537303425_172.18.0.1_45028
16:22:12:037  INFO 2660 --- [nacos-grpc-client-executor-19] c.a.n.c.remote.client.grpc.GrpcClient    : [1723537303425_172.18.0.1_45028]Ignore complete event,isRunning:false,isAbandon=false
16:22:12:043  INFO 2660 --- [SpringApplicationShutdownHook] c.a.n.c.remote.client.grpc.GrpcClient    : Shutdown grpc executor java.util.concurrent.ThreadPoolExecutor@4b7c8834[Running, pool size = 6, active threads = 0, queued tasks = 0, completed tasks = 20]
16:45:18:290  INFO 12436 --- [main] com.hmall.cart.CartApplication           : Starting CartApplication using Java 11.0.21 on LAPTOP-SIENI42M with PID 12436 (F:\Code\hmall\cart-service\target\classes started by daihongli in F:\Code\hmall)
16:45:18:291 DEBUG 12436 --- [main] com.hmall.cart.CartApplication           : Running with Spring Boot v2.7.12, Spring v5.3.27
16:45:18:292  INFO 12436 --- [main] com.hmall.cart.CartApplication           : The following 1 profile is active: "local"
16:45:18:933  INFO 12436 --- [main] o.s.cloud.context.scope.GenericScope     : BeanFactory id=cda845ce-2a52-37dc-8aba-e40391e8e55a
16:45:19:134  INFO 12436 --- [main] o.s.b.w.embedded.tomcat.TomcatWebServer  : Tomcat initialized with port(s): 8082 (http)
16:45:19:139  INFO 12436 --- [main] o.apache.catalina.core.StandardService   : Starting service [Tomcat]
16:45:19:139  INFO 12436 --- [main] org.apache.catalina.core.StandardEngine  : Starting Servlet engine: [Apache Tomcat/9.0.75]
16:45:19:236  INFO 12436 --- [main] o.a.c.c.C.[Tomcat].[localhost].[/]       : Initializing Spring embedded WebApplicationContext
16:45:19:237  INFO 12436 --- [main] w.s.c.ServletWebServerApplicationContext : Root WebApplicationContext: initialization completed in 917 ms
16:45:19:356  INFO 12436 --- [main] o.s.c.openfeign.FeignClientFactoryBean   : For 'item-service' URL not provided. Will try picking an instance via load-balancing.
16:45:24:482  INFO 12436 --- [main] o.s.cloud.commons.util.InetUtils         : Cannot determine local hostname
16:45:24:499  INFO 12436 --- [main] pertySourcedRequestMappingHandlerMapping : Mapped URL path [/v2/api-docs] onto method [springfox.documentation.swagger2.web.Swagger2ControllerWebMvc#getDocumentation(String, HttpServletRequest)]
16:45:26:900  INFO 12436 --- [main] o.s.cloud.commons.util.InetUtils         : Cannot determine local hostname
16:45:27:000  INFO 12436 --- [main] com.alibaba.nacos.common.remote.client   : [RpcClientFactory] create a new rpc client of 6b544a83-b79e-400b-9a25-1a790d52cc0b
16:45:27:025  INFO 12436 --- [main] org.reflections.Reflections              : Reflections took 14 ms to scan 1 urls, producing 3 keys and 6 values 
16:45:27:039  INFO 12436 --- [main] org.reflections.Reflections              : Reflections took 6 ms to scan 1 urls, producing 4 keys and 9 values 
16:45:27:048  INFO 12436 --- [main] org.reflections.Reflections              : Reflections took 7 ms to scan 1 urls, producing 3 keys and 10 values 
16:45:27:050  WARN 12436 --- [main] org.reflections.Reflections              : given scan urls are empty. set urls in the configuration
16:45:27:056  INFO 12436 --- [main] org.reflections.Reflections              : Reflections took 5 ms to scan 1 urls, producing 1 keys and 5 values 
16:45:27:063  INFO 12436 --- [main] org.reflections.Reflections              : Reflections took 5 ms to scan 1 urls, producing 1 keys and 7 values 
16:45:27:072  INFO 12436 --- [main] org.reflections.Reflections              : Reflections took 7 ms to scan 1 urls, producing 2 keys and 8 values 
16:45:27:073  WARN 12436 --- [main] org.reflections.Reflections              : given scan urls are empty. set urls in the configuration
16:45:27:074  INFO 12436 --- [main] com.alibaba.nacos.common.remote.client   : [6b544a83-b79e-400b-9a25-1a790d52cc0b] RpcClient init label, labels = {module=naming, source=sdk}
16:45:27:075  INFO 12436 --- [main] com.alibaba.nacos.common.remote.client   : [6b544a83-b79e-400b-9a25-1a790d52cc0b] RpcClient init, ServerListFactory = com.alibaba.nacos.client.naming.core.ServerListManager
16:45:27:075  INFO 12436 --- [main] com.alibaba.nacos.common.remote.client   : [6b544a83-b79e-400b-9a25-1a790d52cc0b] Registry connection listener to current client:com.alibaba.nacos.client.naming.remote.gprc.redo.NamingGrpcRedoService
16:45:27:075  INFO 12436 --- [main] com.alibaba.nacos.common.remote.client   : [6b544a83-b79e-400b-9a25-1a790d52cc0b] Register server push request handler:com.alibaba.nacos.client.naming.remote.gprc.NamingPushRequestHandler
16:45:27:076  INFO 12436 --- [main] com.alibaba.nacos.common.remote.client   : [6b544a83-b79e-400b-9a25-1a790d52cc0b] Try to connect to server on start up, server: {serverIp = 'localhost', server main port = 8848}
16:45:31:476  INFO 12436 --- [main] com.alibaba.nacos.common.remote.client   : [6b544a83-b79e-400b-9a25-1a790d52cc0b] Success to connect to server [localhost:8848] on start up, connectionId = 1723538731301_172.18.0.1_39552
16:45:31:477  INFO 12436 --- [main] com.alibaba.nacos.common.remote.client   : [6b544a83-b79e-400b-9a25-1a790d52cc0b] Register server push request handler:com.alibaba.nacos.common.remote.client.RpcClient$ConnectResetRequestHandler
16:45:31:476  INFO 12436 --- [com.alibaba.nacos.client.remote.worker] com.alibaba.nacos.common.remote.client   : [6b544a83-b79e-400b-9a25-1a790d52cc0b] Notify connected event to listeners.
16:45:31:478  INFO 12436 --- [main] com.alibaba.nacos.common.remote.client   : [6b544a83-b79e-400b-9a25-1a790d52cc0b] Register server push request handler:com.alibaba.nacos.common.remote.client.RpcClient$$Lambda$994/0x000000080077ec40
16:45:31:508  INFO 12436 --- [main] o.s.b.w.embedded.tomcat.TomcatWebServer  : Tomcat started on port(s): 8082 (http) with context path ''
16:45:31:517  INFO 12436 --- [main] c.a.c.n.registry.NacosServiceRegistry    : nacos registry, DEFAULT_GROUP cart-service 192.168.0.10:8082 register finished
16:45:32:033  INFO 12436 --- [nacos-grpc-client-executor-8] com.alibaba.nacos.common.remote.client   : [6b544a83-b79e-400b-9a25-1a790d52cc0b] Receive server push request, request = NotifySubscriberRequest, requestId = 10
16:45:32:036  INFO 12436 --- [nacos-grpc-client-executor-8] com.alibaba.nacos.common.remote.client   : [6b544a83-b79e-400b-9a25-1a790d52cc0b] Ack server push request, request = NotifySubscriberRequest, requestId = 10
16:45:33:901  INFO 12436 --- [main] o.s.cloud.commons.util.InetUtils         : Cannot determine local hostname
16:45:33:902  INFO 12436 --- [main] d.s.w.p.DocumentationPluginsBootstrapper : Documentation plugins bootstrapped
16:45:33:904  INFO 12436 --- [main] d.s.w.p.DocumentationPluginsBootstrapper : Found 1 custom documentation plugin(s)
16:45:33:918  INFO 12436 --- [main] s.d.s.w.s.ApiListingReferenceScanner     : Scanning for api listing references
16:45:33:972  INFO 12436 --- [main] com.hmall.cart.CartApplication           : Started CartApplication in 17.958 seconds (JVM running for 18.972)
22:21:26:561  WARN 12436 --- [Thread-4] c.a.nacos.common.notify.NotifyCenter     : [NotifyCenter] Start destroying Publisher
22:21:26:561  WARN 12436 --- [Thread-7] c.a.n.common.http.HttpClientBeanHolder   : [HttpClientBeanHolder] Start destroying common HttpClient
22:21:26:565  WARN 12436 --- [Thread-4] c.a.nacos.common.notify.NotifyCenter     : [NotifyCenter] Destruction of the end
22:21:26:566  WARN 12436 --- [Thread-7] c.a.n.common.http.HttpClientBeanHolder   : [HttpClientBeanHolder] Destruction of the end
22:21:27:837  INFO 12436 --- [SpringApplicationShutdownHook] c.a.c.n.registry.NacosServiceRegistry    : De-registering from Nacos Server now...
22:21:27:845  INFO 12436 --- [SpringApplicationShutdownHook] c.a.c.n.registry.NacosServiceRegistry    : De-registration finished.
22:21:28:175  INFO 12436 --- [SpringApplicationShutdownHook] com.alibaba.nacos.common.remote.client   : Shutdown rpc client, set status to shutdown
22:21:28:175  INFO 12436 --- [SpringApplicationShutdownHook] com.alibaba.nacos.common.remote.client   : Shutdown client event executor java.util.concurrent.ScheduledThreadPoolExecutor@7a453bba[Running, pool size = 2, active threads = 2, queued tasks = 0, completed tasks = 0]
22:21:28:175  INFO 12436 --- [SpringApplicationShutdownHook] com.alibaba.nacos.common.remote.client   : Close current connection 1723538731301_172.18.0.1_39552
22:21:28:179  INFO 12436 --- [nacos-grpc-client-executor-3929] c.a.n.c.remote.client.grpc.GrpcClient    : [1723538731301_172.18.0.1_39552]Ignore complete event,isRunning:false,isAbandon=false
22:21:28:180  INFO 12436 --- [SpringApplicationShutdownHook] c.a.n.c.remote.client.grpc.GrpcClient    : Shutdown grpc executor java.util.concurrent.ThreadPoolExecutor@59db0ca4[Running, pool size = 5, active threads = 0, queued tasks = 0, completed tasks = 3930]
