16:19:50:199  INFO 26120 --- [main] com.hmall.item.ItemApplication           : Starting ItemApplication using Java 11.0.21 on LAPTOP-SIENI42M with PID 26120 (F:\Code\hmall\item-service\target\classes started by daihongli in F:\Code\hmall)
16:19:50:203 DEBUG 26120 --- [main] com.hmall.item.ItemApplication           : Running with Spring Boot v2.7.12, Spring v5.3.27
16:19:50:204  INFO 26120 --- [main] com.hmall.item.ItemApplication           : The following 1 profile is active: "local"
16:19:51:106  INFO 26120 --- [main] o.s.cloud.context.scope.GenericScope     : BeanFactory id=c414497b-08ec-3e5c-a252-0da90406e5b8
16:19:51:452  INFO 26120 --- [main] o.s.b.w.embedded.tomcat.TomcatWebServer  : Tomcat initialized with port(s): 8083 (http)
16:19:51:464  INFO 26120 --- [main] o.apache.catalina.core.StandardService   : Starting service [Tomcat]
16:19:51:465  INFO 26120 --- [main] org.apache.catalina.core.StandardEngine  : Starting Servlet engine: [Apache Tomcat/9.0.75]
16:19:51:598  INFO 26120 --- [main] o.a.c.c.C.[Tomcat].[localhost].[/]       : Initializing Spring embedded WebApplicationContext
16:19:51:598  INFO 26120 --- [main] w.s.c.ServletWebServerApplicationContext : Root WebApplicationContext: initialization completed in 1357 ms
16:19:56:450  INFO 26120 --- [main] o.s.cloud.commons.util.InetUtils         : Cannot determine local hostname
16:19:56:484  INFO 26120 --- [main] pertySourcedRequestMappingHandlerMapping : Mapped URL path [/v2/api-docs] onto method [springfox.documentation.swagger2.web.Swagger2ControllerWebMvc#getDocumentation(String, HttpServletRequest)]
16:19:58:331  INFO 26120 --- [main] o.s.cloud.commons.util.InetUtils         : Cannot determine local hostname
16:19:58:454  INFO 26120 --- [main] com.alibaba.nacos.common.remote.client   : [RpcClientFactory] create a new rpc client of 2630c4b7-49d8-419a-8abf-4e708a060c48
16:19:58:499  INFO 26120 --- [main] org.reflections.Reflections              : Reflections took 23 ms to scan 1 urls, producing 3 keys and 6 values 
16:19:58:523  INFO 26120 --- [main] org.reflections.Reflections              : Reflections took 9 ms to scan 1 urls, producing 4 keys and 9 values 
16:19:58:533  INFO 26120 --- [main] org.reflections.Reflections              : Reflections took 8 ms to scan 1 urls, producing 3 keys and 10 values 
16:19:58:535  WARN 26120 --- [main] org.reflections.Reflections              : given scan urls are empty. set urls in the configuration
16:19:58:542  INFO 26120 --- [main] org.reflections.Reflections              : Reflections took 7 ms to scan 1 urls, producing 1 keys and 5 values 
16:19:58:554  INFO 26120 --- [main] org.reflections.Reflections              : Reflections took 10 ms to scan 1 urls, producing 1 keys and 7 values 
16:19:58:564  INFO 26120 --- [main] org.reflections.Reflections              : Reflections took 8 ms to scan 1 urls, producing 2 keys and 8 values 
16:19:58:566  WARN 26120 --- [main] org.reflections.Reflections              : given scan urls are empty. set urls in the configuration
16:19:58:567  INFO 26120 --- [main] com.alibaba.nacos.common.remote.client   : [2630c4b7-49d8-419a-8abf-4e708a060c48] RpcClient init label, labels = {module=naming, source=sdk}
16:19:58:570  INFO 26120 --- [main] com.alibaba.nacos.common.remote.client   : [2630c4b7-49d8-419a-8abf-4e708a060c48] RpcClient init, ServerListFactory = com.alibaba.nacos.client.naming.core.ServerListManager
16:19:58:570  INFO 26120 --- [main] com.alibaba.nacos.common.remote.client   : [2630c4b7-49d8-419a-8abf-4e708a060c48] Registry connection listener to current client:com.alibaba.nacos.client.naming.remote.gprc.redo.NamingGrpcRedoService
16:19:58:570  INFO 26120 --- [main] com.alibaba.nacos.common.remote.client   : [2630c4b7-49d8-419a-8abf-4e708a060c48] Register server push request handler:com.alibaba.nacos.client.naming.remote.gprc.NamingPushRequestHandler
16:19:58:571  INFO 26120 --- [main] com.alibaba.nacos.common.remote.client   : [2630c4b7-49d8-419a-8abf-4e708a060c48] Try to connect to server on start up, server: {serverIp = 'localhost', server main port = 8848}
16:20:01:584  INFO 26120 --- [main] com.alibaba.nacos.common.remote.client   : [2630c4b7-49d8-419a-8abf-4e708a060c48] Success to connect to server [localhost:8848] on start up, connectionId = 1723537201118_172.18.0.1_33788
16:20:01:585  INFO 26120 --- [com.alibaba.nacos.client.remote.worker] com.alibaba.nacos.common.remote.client   : [2630c4b7-49d8-419a-8abf-4e708a060c48] Notify connected event to listeners.
16:20:01:586  INFO 26120 --- [main] com.alibaba.nacos.common.remote.client   : [2630c4b7-49d8-419a-8abf-4e708a060c48] Register server push request handler:com.alibaba.nacos.common.remote.client.RpcClient$ConnectResetRequestHandler
16:20:01:587  INFO 26120 --- [main] com.alibaba.nacos.common.remote.client   : [2630c4b7-49d8-419a-8abf-4e708a060c48] Register server push request handler:com.alibaba.nacos.common.remote.client.RpcClient$$Lambda$904/0x000000080068c840
16:20:01:861  INFO 26120 --- [main] o.s.b.w.embedded.tomcat.TomcatWebServer  : Tomcat started on port(s): 8083 (http) with context path ''
16:20:01:936  INFO 26120 --- [main] c.a.c.n.registry.NacosServiceRegistry    : nacos registry, DEFAULT_GROUP item-service 192.168.0.10:8083 register finished
16:20:02:384  INFO 26120 --- [nacos-grpc-client-executor-8] com.alibaba.nacos.common.remote.client   : [2630c4b7-49d8-419a-8abf-4e708a060c48] Receive server push request, request = NotifySubscriberRequest, requestId = 1
16:20:02:388  INFO 26120 --- [nacos-grpc-client-executor-8] com.alibaba.nacos.common.remote.client   : [2630c4b7-49d8-419a-8abf-4e708a060c48] Ack server push request, request = NotifySubscriberRequest, requestId = 1
16:20:03:891  INFO 26120 --- [main] o.s.cloud.commons.util.InetUtils         : Cannot determine local hostname
16:20:03:891  INFO 26120 --- [main] d.s.w.p.DocumentationPluginsBootstrapper : Documentation plugins bootstrapped
16:20:03:893  INFO 26120 --- [main] d.s.w.p.DocumentationPluginsBootstrapper : Found 1 custom documentation plugin(s)
16:20:03:926  INFO 26120 --- [main] s.d.s.w.s.ApiListingReferenceScanner     : Scanning for api listing references
16:20:04:072  INFO 26120 --- [main] com.hmall.item.ItemApplication           : Started ItemApplication in 16.349 seconds (JVM running for 17.593)
16:21:20:886  INFO 31628 --- [main] com.hmall.item.ItemApplication           : Starting ItemApplication using Java 11.0.21 on LAPTOP-SIENI42M with PID 31628 (F:\Code\hmall\item-service\target\classes started by daihongli in F:\Code\hmall)
16:21:20:887 DEBUG 31628 --- [main] com.hmall.item.ItemApplication           : Running with Spring Boot v2.7.12, Spring v5.3.27
16:21:20:887  INFO 31628 --- [main] com.hmall.item.ItemApplication           : The following 1 profile is active: "local"
16:21:21:577  INFO 31628 --- [main] o.s.cloud.context.scope.GenericScope     : BeanFactory id=c414497b-08ec-3e5c-a252-0da90406e5b8
16:21:21:838  INFO 31628 --- [main] o.s.b.w.embedded.tomcat.TomcatWebServer  : Tomcat initialized with port(s): 8081 (http)
16:21:21:846  INFO 31628 --- [main] o.apache.catalina.core.StandardService   : Starting service [Tomcat]
16:21:21:846  INFO 31628 --- [main] org.apache.catalina.core.StandardEngine  : Starting Servlet engine: [Apache Tomcat/9.0.75]
16:21:21:928  INFO 31628 --- [main] o.a.c.c.C.[Tomcat].[localhost].[/]       : Initializing Spring embedded WebApplicationContext
16:21:21:928  INFO 31628 --- [main] w.s.c.ServletWebServerApplicationContext : Root WebApplicationContext: initialization completed in 1015 ms
16:21:25:558  INFO 31628 --- [main] o.s.cloud.commons.util.InetUtils         : Cannot determine local hostname
16:21:25:579  INFO 31628 --- [main] pertySourcedRequestMappingHandlerMapping : Mapped URL path [/v2/api-docs] onto method [springfox.documentation.swagger2.web.Swagger2ControllerWebMvc#getDocumentation(String, HttpServletRequest)]
16:21:27:277  INFO 31628 --- [main] o.s.cloud.commons.util.InetUtils         : Cannot determine local hostname
16:21:27:365  INFO 31628 --- [main] com.alibaba.nacos.common.remote.client   : [RpcClientFactory] create a new rpc client of 4e3d3506-309a-4b6d-9405-8ca413007c93
16:21:27:395  INFO 31628 --- [main] org.reflections.Reflections              : Reflections took 17 ms to scan 1 urls, producing 3 keys and 6 values 
16:21:27:412  INFO 31628 --- [main] org.reflections.Reflections              : Reflections took 9 ms to scan 1 urls, producing 4 keys and 9 values 
16:21:27:423  INFO 31628 --- [main] org.reflections.Reflections              : Reflections took 10 ms to scan 1 urls, producing 3 keys and 10 values 
16:21:27:425  WARN 31628 --- [main] org.reflections.Reflections              : given scan urls are empty. set urls in the configuration
16:21:27:435  INFO 31628 --- [main] org.reflections.Reflections              : Reflections took 10 ms to scan 1 urls, producing 1 keys and 5 values 
16:21:27:444  INFO 31628 --- [main] org.reflections.Reflections              : Reflections took 7 ms to scan 1 urls, producing 1 keys and 7 values 
16:21:27:452  INFO 31628 --- [main] org.reflections.Reflections              : Reflections took 7 ms to scan 1 urls, producing 2 keys and 8 values 
16:21:27:454  WARN 31628 --- [main] org.reflections.Reflections              : given scan urls are empty. set urls in the configuration
16:21:27:455  INFO 31628 --- [main] com.alibaba.nacos.common.remote.client   : [4e3d3506-309a-4b6d-9405-8ca413007c93] RpcClient init label, labels = {module=naming, source=sdk}
16:21:27:456  INFO 31628 --- [main] com.alibaba.nacos.common.remote.client   : [4e3d3506-309a-4b6d-9405-8ca413007c93] RpcClient init, ServerListFactory = com.alibaba.nacos.client.naming.core.ServerListManager
16:21:27:456  INFO 31628 --- [main] com.alibaba.nacos.common.remote.client   : [4e3d3506-309a-4b6d-9405-8ca413007c93] Registry connection listener to current client:com.alibaba.nacos.client.naming.remote.gprc.redo.NamingGrpcRedoService
16:21:27:456  INFO 31628 --- [main] com.alibaba.nacos.common.remote.client   : [4e3d3506-309a-4b6d-9405-8ca413007c93] Register server push request handler:com.alibaba.nacos.client.naming.remote.gprc.NamingPushRequestHandler
16:21:27:457  INFO 31628 --- [main] com.alibaba.nacos.common.remote.client   : [4e3d3506-309a-4b6d-9405-8ca413007c93] Try to connect to server on start up, server: {serverIp = 'localhost', server main port = 8848}
16:21:30:181  INFO 31628 --- [main] com.alibaba.nacos.common.remote.client   : [4e3d3506-309a-4b6d-9405-8ca413007c93] Success to connect to server [localhost:8848] on start up, connectionId = 1723537289990_172.18.0.1_54618
16:21:30:182  INFO 31628 --- [main] com.alibaba.nacos.common.remote.client   : [4e3d3506-309a-4b6d-9405-8ca413007c93] Register server push request handler:com.alibaba.nacos.common.remote.client.RpcClient$ConnectResetRequestHandler
16:21:30:182  INFO 31628 --- [com.alibaba.nacos.client.remote.worker] com.alibaba.nacos.common.remote.client   : [4e3d3506-309a-4b6d-9405-8ca413007c93] Notify connected event to listeners.
16:21:30:183  INFO 31628 --- [main] com.alibaba.nacos.common.remote.client   : [4e3d3506-309a-4b6d-9405-8ca413007c93] Register server push request handler:com.alibaba.nacos.common.remote.client.RpcClient$$Lambda$904/0x000000080067c440
16:21:30:256  INFO 31628 --- [main] o.s.b.w.embedded.tomcat.TomcatWebServer  : Tomcat started on port(s): 8081 (http) with context path ''
16:21:30:277  INFO 31628 --- [main] c.a.c.n.registry.NacosServiceRegistry    : nacos registry, DEFAULT_GROUP item-service 192.168.0.10:8081 register finished
16:21:30:783  INFO 26120 --- [nacos-grpc-client-executor-28] com.alibaba.nacos.common.remote.client   : [2630c4b7-49d8-419a-8abf-4e708a060c48] Receive server push request, request = NotifySubscriberRequest, requestId = 5
16:21:30:786  INFO 26120 --- [nacos-grpc-client-executor-28] com.alibaba.nacos.common.remote.client   : [2630c4b7-49d8-419a-8abf-4e708a060c48] Ack server push request, request = NotifySubscriberRequest, requestId = 5
16:21:30:795  INFO 31628 --- [nacos-grpc-client-executor-8] com.alibaba.nacos.common.remote.client   : [4e3d3506-309a-4b6d-9405-8ca413007c93] Receive server push request, request = NotifySubscriberRequest, requestId = 6
16:21:30:798  INFO 31628 --- [nacos-grpc-client-executor-8] com.alibaba.nacos.common.remote.client   : [4e3d3506-309a-4b6d-9405-8ca413007c93] Ack server push request, request = NotifySubscriberRequest, requestId = 6
16:21:32:383  INFO 31628 --- [main] o.s.cloud.commons.util.InetUtils         : Cannot determine local hostname
16:21:32:383  INFO 31628 --- [main] d.s.w.p.DocumentationPluginsBootstrapper : Documentation plugins bootstrapped
16:21:32:385  INFO 31628 --- [main] d.s.w.p.DocumentationPluginsBootstrapper : Found 1 custom documentation plugin(s)
16:21:32:407  INFO 31628 --- [main] s.d.s.w.s.ApiListingReferenceScanner     : Scanning for api listing references
16:21:32:527  INFO 31628 --- [main] com.hmall.item.ItemApplication           : Started ItemApplication in 13.834 seconds (JVM running for 15.054)
16:22:10:469  WARN 31628 --- [Thread-4] c.a.nacos.common.notify.NotifyCenter     : [NotifyCenter] Start destroying Publisher
16:22:10:469  WARN 31628 --- [Thread-7] c.a.n.common.http.HttpClientBeanHolder   : [HttpClientBeanHolder] Start destroying common HttpClient
16:22:10:469  WARN 31628 --- [Thread-4] c.a.nacos.common.notify.NotifyCenter     : [NotifyCenter] Destruction of the end
16:22:10:469  WARN 31628 --- [Thread-7] c.a.n.common.http.HttpClientBeanHolder   : [HttpClientBeanHolder] Destruction of the end
16:22:10:516  WARN 26120 --- [Thread-7] c.a.n.common.http.HttpClientBeanHolder   : [HttpClientBeanHolder] Start destroying common HttpClient
16:22:10:516  WARN 26120 --- [Thread-4] c.a.nacos.common.notify.NotifyCenter     : [NotifyCenter] Start destroying Publisher
16:22:10:517  WARN 26120 --- [Thread-4] c.a.nacos.common.notify.NotifyCenter     : [NotifyCenter] Destruction of the end
16:22:10:517  WARN 26120 --- [Thread-7] c.a.n.common.http.HttpClientBeanHolder   : [HttpClientBeanHolder] Destruction of the end
16:22:11:783  INFO 31628 --- [SpringApplicationShutdownHook] c.a.c.n.registry.NacosServiceRegistry    : De-registering from Nacos Server now...
16:22:11:793  INFO 31628 --- [SpringApplicationShutdownHook] c.a.c.n.registry.NacosServiceRegistry    : De-registration finished.
16:22:11:822  INFO 26120 --- [SpringApplicationShutdownHook] c.a.c.n.registry.NacosServiceRegistry    : De-registering from Nacos Server now...
16:22:11:830  INFO 26120 --- [SpringApplicationShutdownHook] c.a.c.n.registry.NacosServiceRegistry    : De-registration finished.
16:22:12:124  INFO 31628 --- [SpringApplicationShutdownHook] com.alibaba.nacos.common.remote.client   : Shutdown rpc client, set status to shutdown
16:22:12:124  INFO 31628 --- [SpringApplicationShutdownHook] com.alibaba.nacos.common.remote.client   : Shutdown client event executor java.util.concurrent.ScheduledThreadPoolExecutor@d55e2c8[Running, pool size = 2, active threads = 2, queued tasks = 0, completed tasks = 0]
16:22:12:124  INFO 31628 --- [SpringApplicationShutdownHook] com.alibaba.nacos.common.remote.client   : Close current connection 1723537289990_172.18.0.1_54618
16:22:12:127  INFO 31628 --- [SpringApplicationShutdownHook] c.a.n.c.remote.client.grpc.GrpcClient    : Shutdown grpc executor java.util.concurrent.ThreadPoolExecutor@71ba8a57[Running, pool size = 4, active threads = 0, queued tasks = 0, completed tasks = 20]
16:22:12:155  INFO 26120 --- [SpringApplicationShutdownHook] com.alibaba.nacos.common.remote.client   : Shutdown rpc client, set status to shutdown
16:22:12:155  INFO 26120 --- [SpringApplicationShutdownHook] com.alibaba.nacos.common.remote.client   : Shutdown client event executor java.util.concurrent.ScheduledThreadPoolExecutor@737a94f0[Running, pool size = 2, active threads = 2, queued tasks = 0, completed tasks = 0]
16:22:12:155  INFO 26120 --- [SpringApplicationShutdownHook] com.alibaba.nacos.common.remote.client   : Close current connection 1723537201118_172.18.0.1_33788
16:22:12:158  INFO 26120 --- [SpringApplicationShutdownHook] c.a.n.c.remote.client.grpc.GrpcClient    : Shutdown grpc executor java.util.concurrent.ThreadPoolExecutor@2658ed6f[Running, pool size = 4, active threads = 0, queued tasks = 0, completed tasks = 38]
